<?xml version="1.0" encoding="UTF-8"?>
<!-- Generated by org.testng.reporters.JUnitReportReporter -->
<testsuite hostname="DESKTOP-4A3N2QO" failures="0" tests="1" name="tests.LoginTest" time="11.026" errors="0" timestamp="2023-05-27T07:39:06 SAST" skipped="0">
  <testcase classname="tests.LoginTest" name="login" time="11.026"/>
  <system-out/>
</testsuite> <!-- tests.LoginTest -->
