<?xml version="1.0" encoding="UTF-8"?>
<!-- Generated by org.testng.reporters.JUnitReportReporter -->
<testsuite hostname="DESKTOP-4A3N2QO" failures="0" tests="1" name="tests.TwoTest" time="7.792" errors="0" timestamp="2023-05-27T07:39:06 SAST" skipped="0">
  <testcase classname="tests.TwoTest" name="twoTest" time="7.792"/>
  <system-out/>
</testsuite> <!-- tests.TwoTest -->
