<?xml version="1.0" encoding="UTF-8"?>
<!-- Generated by org.testng.reporters.JUnitReportReporter -->
<testsuite hostname="DESKTOP-4A3N2QO" failures="0" tests="1" name="fwpack.sample" time="15.845" errors="0" timestamp="2023-05-25T16:14:06 SAST" skipped="0">
  <testcase classname="fwpack.sample" name="samplemethod" time="15.845"/>
  <system-out/>
</testsuite> <!-- fwpack.sample -->
