<?xml version="1.0" encoding="UTF-8"?>
<!-- Generated by org.testng.reporters.JUnitReportReporter -->
<testsuite hostname="DESKTOP-4A3N2QO" failures="0" tests="1" name="runner.Runner" time="22.260" errors="0" timestamp="2023-05-28T08:17:00 SAST" skipped="0">
  <testcase classname="runner.Runner" name="runScenario" time="22.260"/>
  <system-out/>
</testsuite> <!-- runner.Runner -->
